[20:26:01] [ServerMain/INFO]: [bootstrap] Running Java 21 (OpenJDK 64-Bit Server VM 21.0.5+11-LTS; Eclipse Adoptium Temurin-21.0.5+11) on Windows 11 10.0 (amd64)
[20:26:01] [ServerMain/INFO]: [bootstrap] Loading Paper 1.21.1-132-ver/1.21.1@b48403b (2024-11-21T10:14:27Z) for Minecraft 1.21.1
[20:26:02] [ServerMain/INFO]: [PluginInitializerManager] Initializing plugins...
[20:26:02] [ServerMain/INFO]: [PluginInitializerManager] Initialized 1 plugin
[20:26:02] [ServerMain/INFO]: [PluginInitializerManager] Bukkit plugins (1):
 - PackSender (1.0.0)
[20:26:05] [ServerMain/INFO]: Environment: Environment[sessionHost=https://sessionserver.mojang.com, servicesHost=https://api.minecraftservices.com, name=PROD]
[20:26:07] [ServerMain/INFO]: Loaded 1290 recipes
[20:26:07] [ServerMain/INFO]: Loaded 1399 advancements
[20:26:07] [Server thread/INFO]: Starting minecraft server version 1.21.1
[20:26:07] [Server thread/INFO]: Loading properties
[20:26:07] [Server thread/INFO]: This server is running Paper version 1.21.1-132-ver/1.21.1@b48403b (2024-11-21T10:14:27Z) (Implementing API version 1.21.1-R0.1-SNAPSHOT)
[20:26:08] [Server thread/INFO]: [spark] This server bundles the spark profiler. For more information please visit https://docs.papermc.io/paper/profiling
[20:26:08] [Server thread/INFO]: Server Ping Player Sample Count: 12
[20:26:08] [Server thread/INFO]: Using 4 threads for Netty based IO
[20:26:08] [Server thread/INFO]: [ChunkTaskScheduler] Chunk system is using 1 I/O threads, 4 worker threads, and population gen parallelism of 4 threads
[20:26:08] [Server thread/INFO]: Default game type: SURVIVAL
[20:26:08] [Server thread/INFO]: Generating keypair
[20:26:08] [Server thread/INFO]: Starting Minecraft server on *:25565
[20:26:09] [Server thread/INFO]: Using default channel type
[20:26:09] [Server thread/INFO]: Paper: Using Java compression from Velocity.
[20:26:09] [Server thread/INFO]: Paper: Using Java cipher from Velocity.
[20:26:09] [Server thread/INFO]: [SpigotLibraryLoader] [PackSender] Loading 3 libraries... please wait
[20:26:09] [Server thread/INFO]: [SpigotLibraryLoader] [PackSender] Loaded library C:\Users\jespe\Documents\GitHub\PackSender\run\libraries\org\jetbrains\kotlin\kotlin-stdlib\2.1.20-Beta2\kotlin-stdlib-2.1.20-Beta2.jar
[20:26:09] [Server thread/INFO]: [SpigotLibraryLoader] [PackSender] Loaded library C:\Users\jespe\Documents\GitHub\PackSender\run\libraries\org\jetbrains\annotations\13.0\annotations-13.0.jar
[20:26:09] [Server thread/INFO]: [SpigotLibraryLoader] [PackSender] Loaded library C:\Users\jespe\Documents\GitHub\PackSender\run\libraries\org\jetbrains\kotlinx\kotlinx-serialization-json\1.6.3\kotlinx-serialization-json-1.6.3.jar
[20:26:09] [Server thread/INFO]: [SpigotLibraryLoader] [PackSender] Loaded library C:\Users\jespe\Documents\GitHub\PackSender\run\libraries\org\jetbrains\kotlinx\kotlinx-serialization-json-jvm\1.6.3\kotlinx-serialization-json-jvm-1.6.3.jar
[20:26:09] [Server thread/INFO]: [SpigotLibraryLoader] [PackSender] Loaded library C:\Users\jespe\Documents\GitHub\PackSender\run\libraries\org\jetbrains\kotlin\kotlin-stdlib-common\1.9.22\kotlin-stdlib-common-1.9.22.jar
[20:26:09] [Server thread/INFO]: [SpigotLibraryLoader] [PackSender] Loaded library C:\Users\jespe\Documents\GitHub\PackSender\run\libraries\org\jetbrains\kotlinx\kotlinx-serialization-core-jvm\1.6.3\kotlinx-serialization-core-jvm-1.6.3.jar
[20:26:09] [Server thread/INFO]: [SpigotLibraryLoader] [PackSender] Loaded library C:\Users\jespe\Documents\GitHub\PackSender\run\libraries\org\jetbrains\kotlinx\kotlinx-coroutines-core\1.8.1\kotlinx-coroutines-core-1.8.1.jar
[20:26:09] [Server thread/INFO]: [SpigotLibraryLoader] [PackSender] Loaded library C:\Users\jespe\Documents\GitHub\PackSender\run\libraries\org\jetbrains\kotlinx\kotlinx-coroutines-core-jvm\1.8.1\kotlinx-coroutines-core-jvm-1.8.1.jar
[20:26:09] [Server thread/INFO]: [PackSender] Loading server plugin PackSender v1.0.0
[20:26:09] [Server thread/INFO]: Server permissions file permissions.yml is empty, ignoring it
[20:26:09] [Server thread/INFO]: [PackSender] Enabling PackSender v1.0.0
[20:26:09] [Server thread/INFO]: [PackSender] Enabling PackSender
[20:26:09] [Server thread/INFO]: [ktor.application] Autoreload is disabled because the development mode is off.
[20:26:09] [Server thread/INFO]: [ktor.application] Application started in 0.174 seconds.
[20:26:09] [DefaultDispatcher-worker-2/INFO]: [ktor.application] Responding at http://127.0.0.1:9900
[20:26:09] [Server thread/INFO]: Preparing level "world"
[20:26:10] [Server thread/INFO]: Preparing start region for dimension minecraft:overworld
[20:26:11] [Server thread/INFO]: Time elapsed: 779 ms
[20:26:11] [Server thread/INFO]: Preparing start region for dimension minecraft:the_nether
[20:26:11] [Server thread/INFO]: Time elapsed: 125 ms
[20:26:11] [Server thread/INFO]: Preparing start region for dimension minecraft:the_end
[20:26:11] [Server thread/INFO]: Time elapsed: 78 ms
[20:26:11] [Server thread/INFO]: [spark] Starting background profiler...
[20:26:11] [Server thread/INFO]: [spark] The async-profiler engine is not supported for your os/arch (windows11/amd64), so the built-in Java engine will be used instead.
[20:26:11] [Server thread/INFO]: Done preparing level "world" (1.428s)
[20:26:11] [Server thread/INFO]: Running delayed init tasks
[20:26:11] [Server thread/INFO]: Done (10.227s)! For help, type "help"
[20:26:11] [Server thread/INFO]: Timings Reset
